{"C:\\Users\\danie\\AI-FINAL\\app.js": {"path":"C:\\Users\\danie\\AI-FINAL\\app.js","statementMap":{"0":{"start":{"line":1,"column":16},"end":{"line":1,"column":34}},"1":{"start":{"line":2,"column":13},"end":{"line":2,"column":28}},"2":{"start":{"line":3,"column":15},"end":{"line":3,"column":32}},"3":{"start":{"line":4,"column":16},"end":{"line":4,"column":41}},"4":{"start":{"line":6,"column":19},"end":{"line":6,"column":49}},"5":{"start":{"line":7,"column":21},"end":{"line":7,"column":53}},"6":{"start":{"line":8,"column":23},"end":{"line":8,"column":57}},"7":{"start":{"line":9,"column":21},"end":{"line":9,"column":53}},"8":{"start":{"line":10,"column":21},"end":{"line":10,"column":41}},"9":{"start":{"line":12,"column":12},"end":{"line":12,"column":21}},"10":{"start":{"line":14,"column":0},"end":{"line":14,"column":16}},"11":{"start":{"line":15,"column":0},"end":{"line":15,"column":24}},"12":{"start":{"line":16,"column":0},"end":{"line":16,"column":28}},"13":{"start":{"line":18,"column":0},"end":{"line":18,"column":29}},"14":{"start":{"line":19,"column":0},"end":{"line":19,"column":34}},"15":{"start":{"line":20,"column":0},"end":{"line":20,"column":38}},"16":{"start":{"line":21,"column":0},"end":{"line":21,"column":33}},"17":{"start":{"line":23,"column":0},"end":{"line":23,"column":18}},"18":{"start":{"line":26,"column":0},"end":{"line":28,"column":3}},"19":{"start":{"line":27,"column":2},"end":{"line":27,"column":77}},"20":{"start":{"line":31,"column":0},"end":{"line":40,"column":3}},"21":{"start":{"line":32,"column":2},"end":{"line":32,"column":34}},"22":{"start":{"line":33,"column":17},"end":{"line":33,"column":38}},"23":{"start":{"line":34,"column":2},"end":{"line":39,"column":5}},"24":{"start":{"line":42,"column":0},"end":{"line":42,"column":21}}},"fnMap":{"0":{"name":"(anonymous_0)","decl":{"start":{"line":26,"column":8},"end":{"line":26,"column":9}},"loc":{"start":{"line":26,"column":22},"end":{"line":28,"column":1}},"line":26},"1":{"name":"(anonymous_1)","decl":{"start":{"line":31,"column":8},"end":{"line":31,"column":9}},"loc":{"start":{"line":31,"column":33},"end":{"line":40,"column":1}},"line":31}},"branchMap":{"0":{"loc":{"start":{"line":33,"column":17},"end":{"line":33,"column":38}},"type":"binary-expr","locations":[{"start":{"line":33,"column":17},"end":{"line":33,"column":31}},{"start":{"line":33,"column":35},"end":{"line":33,"column":38}}],"line":33},"1":{"loc":{"start":{"line":37,"column":15},"end":{"line":37,"column":53}},"type":"binary-expr","locations":[{"start":{"line":37,"column":15},"end":{"line":37,"column":26}},{"start":{"line":37,"column":30},"end":{"line":37,"column":53}}],"line":37}},"s":{"0":4,"1":4,"2":4,"3":4,"4":4,"5":4,"6":4,"7":4,"8":4,"9":4,"10":4,"11":4,"12":4,"13":4,"14":4,"15":4,"16":4,"17":4,"18":4,"19":0,"20":4,"21":2,"22":2,"23":2,"24":4},"f":{"0":0,"1":2},"b":{"0":[2,0],"1":[2,0]},"_coverageSchema":"1a1c01bbd47fc00a2c39e90264f33305004495a9","hash":"d4fcc424625515a8726c65518698ab13d029f1ae"}
,"C:\\Users\\danie\\AI-FINAL\\swagger.js": {"path":"C:\\Users\\danie\\AI-FINAL\\swagger.js","statementMap":{"0":{"start":{"line":1,"column":21},"end":{"line":1,"column":45}},"1":{"start":{"line":2,"column":18},"end":{"line":2,"column":47}},"2":{"start":{"line":4,"column":16},"end":{"line":19,"column":1}},"3":{"start":{"line":21,"column":20},"end":{"line":21,"column":41}},"4":{"start":{"line":23,"column":21},"end":{"line":25,"column":1}},"5":{"start":{"line":24,"column":2},"end":{"line":24,"column":70}},"6":{"start":{"line":27,"column":0},"end":{"line":27,"column":30}}},"fnMap":{"0":{"name":"(anonymous_0)","decl":{"start":{"line":23,"column":21},"end":{"line":23,"column":22}},"loc":{"start":{"line":23,"column":30},"end":{"line":25,"column":1}},"line":23}},"branchMap":{},"s":{"0":4,"1":4,"2":4,"3":4,"4":4,"5":4,"6":4},"f":{"0":4},"b":{},"_coverageSchema":"1a1c01bbd47fc00a2c39e90264f33305004495a9","hash":"9fc137cf40877fe2ca8fd4e390e06028a4419617"}
,"C:\\Users\\danie\\AI-FINAL\\controllers\\authController.js": {"path":"C:\\Users\\danie\\AI-FINAL\\controllers\\authController.js","statementMap":{"0":{"start":{"line":1,"column":12},"end":{"line":1,"column":26}},"1":{"start":{"line":2,"column":20},"end":{"line":2,"column":54}},"2":{"start":{"line":4,"column":17},"end":{"line":19,"column":1}},"3":{"start":{"line":5,"column":2},"end":{"line":18,"column":3}},"4":{"start":{"line":6,"column":19},"end":{"line":11,"column":6}},"5":{"start":{"line":13,"column":17},"end":{"line":13,"column":53}},"6":{"start":{"line":14,"column":19},"end":{"line":14,"column":51}},"7":{"start":{"line":15,"column":4},"end":{"line":15,"column":33}},"8":{"start":{"line":17,"column":4},"end":{"line":17,"column":14}},"9":{"start":{"line":21,"column":14},"end":{"line":34,"column":1}},"10":{"start":{"line":22,"column":2},"end":{"line":33,"column":3}},"11":{"start":{"line":23,"column":19},"end":{"line":26,"column":6}},"12":{"start":{"line":28,"column":17},"end":{"line":28,"column":53}},"13":{"start":{"line":29,"column":19},"end":{"line":29,"column":48}},"14":{"start":{"line":30,"column":4},"end":{"line":30,"column":21}},"15":{"start":{"line":32,"column":4},"end":{"line":32,"column":14}},"16":{"start":{"line":36,"column":0},"end":{"line":36,"column":37}}},"fnMap":{"0":{"name":"(anonymous_0)","decl":{"start":{"line":4,"column":17},"end":{"line":4,"column":18}},"loc":{"start":{"line":4,"column":43},"end":{"line":19,"column":1}},"line":4},"1":{"name":"(anonymous_1)","decl":{"start":{"line":21,"column":14},"end":{"line":21,"column":15}},"loc":{"start":{"line":21,"column":40},"end":{"line":34,"column":1}},"line":21}},"branchMap":{},"s":{"0":4,"1":4,"2":4,"3":7,"4":7,"5":7,"6":7,"7":6,"8":1,"9":4,"10":5,"11":5,"12":5,"13":5,"14":4,"15":1,"16":4},"f":{"0":7,"1":5},"b":{},"_coverageSchema":"1a1c01bbd47fc00a2c39e90264f33305004495a9","hash":"856b115ff65f66eb3d7bd4a7ae65bea4314bf8ce"}
,"C:\\Users\\danie\\AI-FINAL\\controllers\\responseController.js": {"path":"C:\\Users\\danie\\AI-FINAL\\controllers\\responseController.js","statementMap":{"0":{"start":{"line":1,"column":12},"end":{"line":1,"column":26}},"1":{"start":{"line":2,"column":17},"end":{"line":2,"column":46}},"2":{"start":{"line":3,"column":15},"end":{"line":3,"column":42}},"3":{"start":{"line":5,"column":23},"end":{"line":40,"column":1}},"4":{"start":{"line":6,"column":17},"end":{"line":9,"column":4}},"5":{"start":{"line":12,"column":2},"end":{"line":18,"column":3}},"6":{"start":{"line":13,"column":4},"end":{"line":13,"column":53}},"7":{"start":{"line":15,"column":4},"end":{"line":17,"column":7}},"8":{"start":{"line":20,"column":29},"end":{"line":20,"column":38}},"9":{"start":{"line":22,"column":2},"end":{"line":39,"column":3}},"10":{"start":{"line":23,"column":19},"end":{"line":23,"column":50}},"11":{"start":{"line":24,"column":4},"end":{"line":24,"column":100}},"12":{"start":{"line":24,"column":17},"end":{"line":24,"column":100}},"13":{"start":{"line":25,"column":4},"end":{"line":27,"column":5}},"14":{"start":{"line":26,"column":6},"end":{"line":26,"column":100}},"15":{"start":{"line":29,"column":21},"end":{"line":33,"column":6}},"16":{"start":{"line":35,"column":4},"end":{"line":35,"column":26}},"17":{"start":{"line":36,"column":4},"end":{"line":36,"column":35}},"18":{"start":{"line":38,"column":4},"end":{"line":38,"column":14}},"19":{"start":{"line":42,"column":0},"end":{"line":42,"column":36}}},"fnMap":{"0":{"name":"(anonymous_0)","decl":{"start":{"line":5,"column":23},"end":{"line":5,"column":24}},"loc":{"start":{"line":5,"column":49},"end":{"line":40,"column":1}},"line":5}},"branchMap":{"0":{"loc":{"start":{"line":24,"column":4},"end":{"line":24,"column":100}},"type":"if","locations":[{"start":{"line":24,"column":4},"end":{"line":24,"column":100}},{"start":{},"end":{}}],"line":24},"1":{"loc":{"start":{"line":25,"column":4},"end":{"line":27,"column":5}},"type":"if","locations":[{"start":{"line":25,"column":4},"end":{"line":27,"column":5}},{"start":{},"end":{}}],"line":25},"2":{"loc":{"start":{"line":25,"column":8},"end":{"line":25,"column":67}},"type":"binary-expr","locations":[{"start":{"line":25,"column":8},"end":{"line":25,"column":23}},{"start":{"line":25,"column":27},"end":{"line":25,"column":67}}],"line":25}},"s":{"0":4,"1":4,"2":4,"3":4,"4":3,"5":3,"6":3,"7":1,"8":2,"9":2,"10":2,"11":2,"12":0,"13":2,"14":1,"15":1,"16":1,"17":1,"18":0,"19":4},"f":{"0":3},"b":{"0":[0,2],"1":[1,1],"2":[2,2]},"_coverageSchema":"1a1c01bbd47fc00a2c39e90264f33305004495a9","hash":"de817cae04497d2c84397f99d973f065ed1a7993"}
,"C:\\Users\\danie\\AI-FINAL\\controllers\\searchController.js": {"path":"C:\\Users\\danie\\AI-FINAL\\controllers\\searchController.js","statementMap":{"0":{"start":{"line":1,"column":12},"end":{"line":1,"column":26}},"1":{"start":{"line":2,"column":15},"end":{"line":2,"column":42}},"2":{"start":{"line":3,"column":26},"end":{"line":3,"column":59}},"3":{"start":{"line":5,"column":15},"end":{"line":26,"column":1}},"4":{"start":{"line":6,"column":17},"end":{"line":8,"column":4}},"5":{"start":{"line":11,"column":2},"end":{"line":17,"column":3}},"6":{"start":{"line":12,"column":4},"end":{"line":12,"column":53}},"7":{"start":{"line":14,"column":4},"end":{"line":16,"column":7}},"8":{"start":{"line":19,"column":2},"end":{"line":25,"column":3}},"9":{"start":{"line":20,"column":20},"end":{"line":20,"column":39}},"10":{"start":{"line":21,"column":20},"end":{"line":21,"column":76}},"11":{"start":{"line":22,"column":4},"end":{"line":22,"column":22}},"12":{"start":{"line":24,"column":4},"end":{"line":24,"column":14}},"13":{"start":{"line":28,"column":0},"end":{"line":28,"column":28}}},"fnMap":{"0":{"name":"(anonymous_0)","decl":{"start":{"line":5,"column":15},"end":{"line":5,"column":16}},"loc":{"start":{"line":5,"column":41},"end":{"line":26,"column":1}},"line":5}},"branchMap":{},"s":{"0":4,"1":4,"2":4,"3":4,"4":2,"5":2,"6":2,"7":1,"8":1,"9":1,"10":1,"11":1,"12":0,"13":4},"f":{"0":2},"b":{},"_coverageSchema":"1a1c01bbd47fc00a2c39e90264f33305004495a9","hash":"25e3f81104fce9f821dc9000399615179ba6fbfb"}
,"C:\\Users\\danie\\AI-FINAL\\controllers\\surveyController.js": {"path":"C:\\Users\\danie\\AI-FINAL\\controllers\\surveyController.js","statementMap":{"0":{"start":{"line":1,"column":12},"end":{"line":1,"column":26}},"1":{"start":{"line":2,"column":15},"end":{"line":2,"column":42}},"2":{"start":{"line":3,"column":17},"end":{"line":3,"column":46}},"3":{"start":{"line":4,"column":47},"end":{"line":4,"column":80}},"4":{"start":{"line":7,"column":21},"end":{"line":31,"column":1}},"5":{"start":{"line":8,"column":2},"end":{"line":30,"column":3}},"6":{"start":{"line":9,"column":19},"end":{"line":17,"column":6}},"7":{"start":{"line":19,"column":17},"end":{"line":19,"column":53}},"8":{"start":{"line":21,"column":19},"end":{"line":24,"column":6}},"9":{"start":{"line":26,"column":4},"end":{"line":26,"column":24}},"10":{"start":{"line":27,"column":4},"end":{"line":27,"column":33}},"11":{"start":{"line":29,"column":4},"end":{"line":29,"column":14}},"12":{"start":{"line":34,"column":23},"end":{"line":53,"column":1}},"13":{"start":{"line":35,"column":2},"end":{"line":52,"column":3}},"14":{"start":{"line":36,"column":21},"end":{"line":36,"column":34}},"15":{"start":{"line":37,"column":19},"end":{"line":37,"column":50}},"16":{"start":{"line":38,"column":4},"end":{"line":40,"column":5}},"17":{"start":{"line":39,"column":6},"end":{"line":39,"column":89}},"18":{"start":{"line":42,"column":4},"end":{"line":44,"column":5}},"19":{"start":{"line":43,"column":6},"end":{"line":43,"column":112}},"20":{"start":{"line":46,"column":22},"end":{"line":46,"column":63}},"21":{"start":{"line":47,"column":23},"end":{"line":47,"column":69}},"22":{"start":{"line":49,"column":4},"end":{"line":49,"column":25}},"23":{"start":{"line":51,"column":4},"end":{"line":51,"column":14}},"24":{"start":{"line":56,"column":24},"end":{"line":78,"column":1}},"25":{"start":{"line":57,"column":2},"end":{"line":77,"column":3}},"26":{"start":{"line":58,"column":21},"end":{"line":58,"column":34}},"27":{"start":{"line":59,"column":19},"end":{"line":59,"column":50}},"28":{"start":{"line":60,"column":4},"end":{"line":62,"column":5}},"29":{"start":{"line":61,"column":6},"end":{"line":61,"column":89}},"30":{"start":{"line":64,"column":4},"end":{"line":66,"column":5}},"31":{"start":{"line":65,"column":6},"end":{"line":65,"column":110}},"32":{"start":{"line":68,"column":22},"end":{"line":68,"column":63}},"33":{"start":{"line":69,"column":20},"end":{"line":69,"column":64}},"34":{"start":{"line":71,"column":4},"end":{"line":71,"column":29}},"35":{"start":{"line":72,"column":4},"end":{"line":72,"column":24}},"36":{"start":{"line":74,"column":4},"end":{"line":74,"column":26}},"37":{"start":{"line":76,"column":4},"end":{"line":76,"column":14}},"38":{"start":{"line":80,"column":0},"end":{"line":84,"column":2}}},"fnMap":{"0":{"name":"(anonymous_0)","decl":{"start":{"line":7,"column":21},"end":{"line":7,"column":22}},"loc":{"start":{"line":7,"column":47},"end":{"line":31,"column":1}},"line":7},"1":{"name":"(anonymous_1)","decl":{"start":{"line":34,"column":23},"end":{"line":34,"column":24}},"loc":{"start":{"line":34,"column":49},"end":{"line":53,"column":1}},"line":34},"2":{"name":"(anonymous_2)","decl":{"start":{"line":56,"column":24},"end":{"line":56,"column":25}},"loc":{"start":{"line":56,"column":50},"end":{"line":78,"column":1}},"line":56}},"branchMap":{"0":{"loc":{"start":{"line":38,"column":4},"end":{"line":40,"column":5}},"type":"if","locations":[{"start":{"line":38,"column":4},"end":{"line":40,"column":5}},{"start":{},"end":{}}],"line":38},"1":{"loc":{"start":{"line":42,"column":4},"end":{"line":44,"column":5}},"type":"if","locations":[{"start":{"line":42,"column":4},"end":{"line":44,"column":5}},{"start":{},"end":{}}],"line":42},"2":{"loc":{"start":{"line":60,"column":4},"end":{"line":62,"column":5}},"type":"if","locations":[{"start":{"line":60,"column":4},"end":{"line":62,"column":5}},{"start":{},"end":{}}],"line":60},"3":{"loc":{"start":{"line":64,"column":4},"end":{"line":66,"column":5}},"type":"if","locations":[{"start":{"line":64,"column":4},"end":{"line":66,"column":5}},{"start":{},"end":{}}],"line":64}},"s":{"0":4,"1":4,"2":4,"3":4,"4":4,"5":1,"6":1,"7":1,"8":1,"9":1,"10":1,"11":0,"12":4,"13":1,"14":1,"15":1,"16":1,"17":0,"18":1,"19":0,"20":1,"21":1,"22":1,"23":0,"24":4,"25":1,"26":1,"27":1,"28":1,"29":0,"30":1,"31":0,"32":1,"33":1,"34":1,"35":1,"36":1,"37":0,"38":4},"f":{"0":1,"1":1,"2":1},"b":{"0":[0,1],"1":[0,1],"2":[0,1],"3":[0,1]},"_coverageSchema":"1a1c01bbd47fc00a2c39e90264f33305004495a9","hash":"64959d619debf986df76906f3de202cde12fdb8b"}
,"C:\\Users\\danie\\AI-FINAL\\middlewares\\authMiddleware.js": {"path":"C:\\Users\\danie\\AI-FINAL\\middlewares\\authMiddleware.js","statementMap":{"0":{"start":{"line":1,"column":12},"end":{"line":1,"column":35}},"1":{"start":{"line":3,"column":21},"end":{"line":16,"column":1}},"2":{"start":{"line":4,"column":21},"end":{"line":4,"column":46}},"3":{"start":{"line":5,"column":2},"end":{"line":7,"column":3}},"4":{"start":{"line":6,"column":4},"end":{"line":6,"column":83}},"5":{"start":{"line":9,"column":2},"end":{"line":15,"column":3}},"6":{"start":{"line":10,"column":18},"end":{"line":10,"column":42}},"7":{"start":{"line":11,"column":4},"end":{"line":11,"column":57}},"8":{"start":{"line":12,"column":4},"end":{"line":12,"column":11}},"9":{"start":{"line":14,"column":4},"end":{"line":14,"column":84}},"10":{"start":{"line":18,"column":0},"end":{"line":18,"column":30}}},"fnMap":{"0":{"name":"(anonymous_0)","decl":{"start":{"line":3,"column":21},"end":{"line":3,"column":22}},"loc":{"start":{"line":3,"column":41},"end":{"line":16,"column":1}},"line":3}},"branchMap":{"0":{"loc":{"start":{"line":5,"column":2},"end":{"line":7,"column":3}},"type":"if","locations":[{"start":{"line":5,"column":2},"end":{"line":7,"column":3}},{"start":{},"end":{}}],"line":5},"1":{"loc":{"start":{"line":5,"column":6},"end":{"line":5,"column":54}},"type":"binary-expr","locations":[{"start":{"line":5,"column":6},"end":{"line":5,"column":17}},{"start":{"line":5,"column":21},"end":{"line":5,"column":54}}],"line":5}},"s":{"0":4,"1":4,"2":8,"3":8,"4":0,"5":8,"6":8,"7":8,"8":8,"9":0,"10":4},"f":{"0":8},"b":{"0":[0,8],"1":[8,8]},"_coverageSchema":"1a1c01bbd47fc00a2c39e90264f33305004495a9","hash":"bfdcc728a3114a540867404c6345e0ed228d36d9"}
,"C:\\Users\\danie\\AI-FINAL\\models\\Response.js": {"path":"C:\\Users\\danie\\AI-FINAL\\models\\Response.js","statementMap":{"0":{"start":{"line":1,"column":17},"end":{"line":1,"column":36}},"1":{"start":{"line":3,"column":23},"end":{"line":7,"column":24}},"2":{"start":{"line":9,"column":0},"end":{"line":9,"column":60}}},"fnMap":{},"branchMap":{},"s":{"0":4,"1":4,"2":4},"f":{},"b":{},"_coverageSchema":"1a1c01bbd47fc00a2c39e90264f33305004495a9","hash":"b3ef28ce57f1679efba6277f91081e48cd6f88e7"}
,"C:\\Users\\danie\\AI-FINAL\\models\\Survey.js": {"path":"C:\\Users\\danie\\AI-FINAL\\models\\Survey.js","statementMap":{"0":{"start":{"line":1,"column":17},"end":{"line":1,"column":36}},"1":{"start":{"line":3,"column":21},"end":{"line":14,"column":24}},"2":{"start":{"line":16,"column":0},"end":{"line":16,"column":56}}},"fnMap":{},"branchMap":{},"s":{"0":4,"1":4,"2":4},"f":{},"b":{},"_coverageSchema":"1a1c01bbd47fc00a2c39e90264f33305004495a9","hash":"069334abd3fa0573262f1d1a86fd51f93a050f99"}
,"C:\\Users\\danie\\AI-FINAL\\models\\User.js": {"path":"C:\\Users\\danie\\AI-FINAL\\models\\User.js","statementMap":{"0":{"start":{"line":1,"column":17},"end":{"line":1,"column":36}},"1":{"start":{"line":3,"column":19},"end":{"line":7,"column":24}},"2":{"start":{"line":9,"column":0},"end":{"line":9,"column":52}}},"fnMap":{},"branchMap":{},"s":{"0":4,"1":4,"2":4},"f":{},"b":{},"_coverageSchema":"1a1c01bbd47fc00a2c39e90264f33305004495a9","hash":"c47d5483fc5aebe518539d91a2eb008150fc6f7d"}
,"C:\\Users\\danie\\AI-FINAL\\routes\\authRoutes.js": {"path":"C:\\Users\\danie\\AI-FINAL\\routes\\authRoutes.js","statementMap":{"0":{"start":{"line":68,"column":16},"end":{"line":68,"column":34}},"1":{"start":{"line":69,"column":15},"end":{"line":69,"column":31}},"2":{"start":{"line":70,"column":28},"end":{"line":70,"column":68}},"3":{"start":{"line":74,"column":0},"end":{"line":74,"column":35}},"4":{"start":{"line":75,"column":0},"end":{"line":75,"column":29}},"5":{"start":{"line":77,"column":0},"end":{"line":77,"column":24}}},"fnMap":{},"branchMap":{},"s":{"0":4,"1":4,"2":4,"3":4,"4":4,"5":4},"f":{},"b":{},"_coverageSchema":"1a1c01bbd47fc00a2c39e90264f33305004495a9","hash":"3dafe5b3d530c6a9a5b998447701e717c2a9f625"}
,"C:\\Users\\danie\\AI-FINAL\\routes\\responseRoutes.js": {"path":"C:\\Users\\danie\\AI-FINAL\\routes\\responseRoutes.js","statementMap":{"0":{"start":{"line":1,"column":16},"end":{"line":1,"column":34}},"1":{"start":{"line":2,"column":15},"end":{"line":2,"column":31}},"2":{"start":{"line":3,"column":27},"end":{"line":3,"column":71}},"3":{"start":{"line":4,"column":21},"end":{"line":4,"column":61}},"4":{"start":{"line":6,"column":0},"end":{"line":6,"column":47}},"5":{"start":{"line":8,"column":0},"end":{"line":8,"column":24}}},"fnMap":{},"branchMap":{},"s":{"0":4,"1":4,"2":4,"3":4,"4":4,"5":4},"f":{},"b":{},"_coverageSchema":"1a1c01bbd47fc00a2c39e90264f33305004495a9","hash":"1d84834b406ca21cda027106b77c48bc6bc60e3a"}
,"C:\\Users\\danie\\AI-FINAL\\routes\\searchRoutes.js": {"path":"C:\\Users\\danie\\AI-FINAL\\routes\\searchRoutes.js","statementMap":{"0":{"start":{"line":37,"column":16},"end":{"line":37,"column":34}},"1":{"start":{"line":38,"column":15},"end":{"line":38,"column":31}},"2":{"start":{"line":39,"column":19},"end":{"line":39,"column":61}},"3":{"start":{"line":40,"column":21},"end":{"line":40,"column":61}},"4":{"start":{"line":42,"column":0},"end":{"line":42,"column":39}},"5":{"start":{"line":44,"column":0},"end":{"line":44,"column":24}}},"fnMap":{},"branchMap":{},"s":{"0":4,"1":4,"2":4,"3":4,"4":4,"5":4},"f":{},"b":{},"_coverageSchema":"1a1c01bbd47fc00a2c39e90264f33305004495a9","hash":"5ae03dd964056bc78b58fd034d65ded2537c1a90"}
,"C:\\Users\\danie\\AI-FINAL\\routes\\surveyRoutes.js": {"path":"C:\\Users\\danie\\AI-FINAL\\routes\\surveyRoutes.js","statementMap":{"0":{"start":{"line":104,"column":16},"end":{"line":104,"column":34}},"1":{"start":{"line":105,"column":15},"end":{"line":105,"column":31}},"2":{"start":{"line":107,"column":58},"end":{"line":107,"column":100}},"3":{"start":{"line":108,"column":21},"end":{"line":108,"column":61}},"4":{"start":{"line":111,"column":0},"end":{"line":111,"column":45}},"5":{"start":{"line":114,"column":0},"end":{"line":114,"column":65}},"6":{"start":{"line":117,"column":0},"end":{"line":117,"column":59}},"7":{"start":{"line":119,"column":0},"end":{"line":119,"column":24}}},"fnMap":{},"branchMap":{},"s":{"0":4,"1":4,"2":4,"3":4,"4":4,"5":4,"6":4,"7":4},"f":{},"b":{},"_coverageSchema":"1a1c01bbd47fc00a2c39e90264f33305004495a9","hash":"e551ee9cc48c56b5f4639544e0215b5748f474f9"}
,"C:\\Users\\danie\\AI-FINAL\\services\\authService.js": {"path":"C:\\Users\\danie\\AI-FINAL\\services\\authService.js","statementMap":{"0":{"start":{"line":1,"column":15},"end":{"line":1,"column":32}},"1":{"start":{"line":2,"column":12},"end":{"line":2,"column":35}},"2":{"start":{"line":3,"column":13},"end":{"line":3,"column":38}},"3":{"start":{"line":5,"column":17},"end":{"line":17,"column":1}},"4":{"start":{"line":6,"column":2},"end":{"line":10,"column":3}},"5":{"start":{"line":7,"column":16},"end":{"line":7,"column":54}},"6":{"start":{"line":8,"column":4},"end":{"line":8,"column":25}},"7":{"start":{"line":9,"column":4},"end":{"line":9,"column":14}},"8":{"start":{"line":12,"column":23},"end":{"line":12,"column":54}},"9":{"start":{"line":13,"column":15},"end":{"line":13,"column":58}},"10":{"start":{"line":14,"column":2},"end":{"line":14,"column":20}},"11":{"start":{"line":16,"column":2},"end":{"line":16,"column":48}},"12":{"start":{"line":19,"column":14},"end":{"line":29,"column":1}},"13":{"start":{"line":20,"column":15},"end":{"line":20,"column":44}},"14":{"start":{"line":21,"column":2},"end":{"line":25,"column":3}},"15":{"start":{"line":22,"column":16},"end":{"line":22,"column":54}},"16":{"start":{"line":23,"column":4},"end":{"line":23,"column":25}},"17":{"start":{"line":24,"column":4},"end":{"line":24,"column":14}},"18":{"start":{"line":27,"column":16},"end":{"line":27,"column":95}},"19":{"start":{"line":28,"column":2},"end":{"line":28,"column":19}},"20":{"start":{"line":31,"column":0},"end":{"line":31,"column":37}}},"fnMap":{"0":{"name":"(anonymous_0)","decl":{"start":{"line":5,"column":17},"end":{"line":5,"column":18}},"loc":{"start":{"line":5,"column":76},"end":{"line":17,"column":1}},"line":5},"1":{"name":"(anonymous_1)","decl":{"start":{"line":19,"column":14},"end":{"line":19,"column":15}},"loc":{"start":{"line":19,"column":45},"end":{"line":29,"column":1}},"line":19}},"branchMap":{"0":{"loc":{"start":{"line":6,"column":2},"end":{"line":10,"column":3}},"type":"if","locations":[{"start":{"line":6,"column":2},"end":{"line":10,"column":3}},{"start":{},"end":{}}],"line":6},"1":{"loc":{"start":{"line":21,"column":2},"end":{"line":25,"column":3}},"type":"if","locations":[{"start":{"line":21,"column":2},"end":{"line":25,"column":3}},{"start":{},"end":{}}],"line":21},"2":{"loc":{"start":{"line":21,"column":6},"end":{"line":21,"column":67}},"type":"binary-expr","locations":[{"start":{"line":21,"column":6},"end":{"line":21,"column":11}},{"start":{"line":21,"column":15},"end":{"line":21,"column":67}}],"line":21}},"s":{"0":4,"1":4,"2":4,"3":4,"4":7,"5":1,"6":1,"7":1,"8":6,"9":6,"10":6,"11":6,"12":4,"13":5,"14":5,"15":1,"16":1,"17":1,"18":4,"19":4,"20":4},"f":{"0":7,"1":5},"b":{"0":[1,6],"1":[1,4],"2":[5,5]},"_coverageSchema":"1a1c01bbd47fc00a2c39e90264f33305004495a9","hash":"a54c16791ede5f37e4e3e2210700d60dd46a9f47"}
,"C:\\Users\\danie\\AI-FINAL\\services\\llmService.js": {"path":"C:\\Users\\danie\\AI-FINAL\\services\\llmService.js","statementMap":{"0":{"start":{"line":1,"column":25},"end":{"line":1,"column":38}},"1":{"start":{"line":2,"column":13},"end":{"line":2,"column":28}},"2":{"start":{"line":4,"column":23},"end":{"line":4,"column":99}},"3":{"start":{"line":5,"column":22},"end":{"line":5,"column":97}},"4":{"start":{"line":6,"column":21},"end":{"line":6,"column":95}},"5":{"start":{"line":9,"column":26},"end":{"line":17,"column":1}},"6":{"start":{"line":10,"column":2},"end":{"line":16,"column":8}},"7":{"start":{"line":11,"column":17},"end":{"line":11,"column":54}},"8":{"start":{"line":12,"column":15},"end":{"line":16,"column":5}},"9":{"start":{"line":20,"column":24},"end":{"line":27,"column":1}},"10":{"start":{"line":21,"column":24},"end":{"line":21,"column":50}},"11":{"start":{"line":21,"column":43},"end":{"line":21,"column":49}},"12":{"start":{"line":22,"column":18},"end":{"line":24,"column":81}},"13":{"start":{"line":23,"column":42},"end":{"line":23,"column":53}},"14":{"start":{"line":26,"column":2},"end":{"line":26,"column":17}},"15":{"start":{"line":30,"column":22},"end":{"line":42,"column":1}},"16":{"start":{"line":31,"column":25},"end":{"line":31,"column":44}},"17":{"start":{"line":32,"column":2},"end":{"line":41,"column":8}},"18":{"start":{"line":34,"column":6},"end":{"line":36,"column":58}},"19":{"start":{"line":38,"column":15},"end":{"line":41,"column":5}},"20":{"start":{"line":44,"column":0},"end":{"line":48,"column":2}}},"fnMap":{"0":{"name":"(anonymous_0)","decl":{"start":{"line":9,"column":26},"end":{"line":9,"column":27}},"loc":{"start":{"line":9,"column":59},"end":{"line":17,"column":1}},"line":9},"1":{"name":"(anonymous_1)","decl":{"start":{"line":11,"column":12},"end":{"line":11,"column":13}},"loc":{"start":{"line":11,"column":17},"end":{"line":11,"column":54}},"line":11},"2":{"name":"(anonymous_2)","decl":{"start":{"line":12,"column":9},"end":{"line":12,"column":10}},"loc":{"start":{"line":12,"column":15},"end":{"line":16,"column":5}},"line":12},"3":{"name":"(anonymous_3)","decl":{"start":{"line":20,"column":24},"end":{"line":20,"column":25}},"loc":{"start":{"line":20,"column":57},"end":{"line":27,"column":1}},"line":20},"4":{"name":"(anonymous_4)","decl":{"start":{"line":21,"column":38},"end":{"line":21,"column":39}},"loc":{"start":{"line":21,"column":43},"end":{"line":21,"column":49}},"line":21},"5":{"name":"(anonymous_5)","decl":{"start":{"line":23,"column":34},"end":{"line":23,"column":35}},"loc":{"start":{"line":23,"column":42},"end":{"line":23,"column":53}},"line":23},"6":{"name":"(anonymous_6)","decl":{"start":{"line":30,"column":22},"end":{"line":30,"column":23}},"loc":{"start":{"line":30,"column":52},"end":{"line":42,"column":1}},"line":30},"7":{"name":"(anonymous_7)","decl":{"start":{"line":33,"column":12},"end":{"line":33,"column":13}},"loc":{"start":{"line":34,"column":6},"end":{"line":36,"column":58}},"line":34},"8":{"name":"(anonymous_8)","decl":{"start":{"line":38,"column":9},"end":{"line":38,"column":10}},"loc":{"start":{"line":38,"column":15},"end":{"line":41,"column":5}},"line":38}},"branchMap":{"0":{"loc":{"start":{"line":34,"column":6},"end":{"line":36,"column":58}},"type":"binary-expr","locations":[{"start":{"line":34,"column":6},"end":{"line":34,"column":52}},{"start":{"line":35,"column":6},"end":{"line":35,"column":56}},{"start":{"line":36,"column":6},"end":{"line":36,"column":58}}],"line":34}},"s":{"0":3,"1":3,"2":3,"3":3,"4":3,"5":3,"6":1,"7":2,"8":1,"9":3,"10":1,"11":4,"12":1,"13":3,"14":1,"15":3,"16":1,"17":1,"18":2,"19":1,"20":3},"f":{"0":1,"1":2,"2":1,"3":1,"4":4,"5":3,"6":1,"7":2,"8":1},"b":{"0":[2,1,1]},"_coverageSchema":"1a1c01bbd47fc00a2c39e90264f33305004495a9","hash":"069e50b6c1fe8c32bcd2dd27a733c1006cdac66c"}
,"C:\\Users\\danie\\AI-FINAL\\utils\\logger.js": {"path":"C:\\Users\\danie\\AI-FINAL\\utils\\logger.js","statementMap":{"0":{"start":{"line":1,"column":45},"end":{"line":1,"column":63}},"1":{"start":{"line":3,"column":15},"end":{"line":14,"column":2}},"2":{"start":{"line":8,"column":6},"end":{"line":8,"column":65}},"3":{"start":{"line":16,"column":0},"end":{"line":16,"column":24}}},"fnMap":{"0":{"name":"(anonymous_0)","decl":{"start":{"line":7,"column":18},"end":{"line":7,"column":19}},"loc":{"start":{"line":7,"column":53},"end":{"line":9,"column":5}},"line":7}},"branchMap":{},"s":{"0":4,"1":4,"2":2,"3":4},"f":{"0":2},"b":{},"_coverageSchema":"1a1c01bbd47fc00a2c39e90264f33305004495a9","hash":"546de562e3422b166ac7eeccc0ec0977ab85159e"}
}
