TN:
SF:app.js
FN:26,(anonymous_0)
FN:31,(anonymous_1)
FNF:2
FNH:1
FNDA:0,(anonymous_0)
FNDA:2,(anonymous_1)
DA:1,4
DA:2,4
DA:3,4
DA:4,4
DA:6,4
DA:7,4
DA:8,4
DA:9,4
DA:10,4
DA:12,4
DA:14,4
DA:15,4
DA:16,4
DA:18,4
DA:19,4
DA:20,4
DA:21,4
DA:23,4
DA:26,4
DA:27,0
DA:31,4
DA:32,2
DA:33,2
DA:34,2
DA:42,4
LF:25
LH:24
BRDA:33,0,0,2
BRDA:33,0,1,0
BRDA:37,1,0,2
BRDA:37,1,1,0
BRF:4
BRH:2
end_of_record
TN:
SF:swagger.js
FN:23,(anonymous_0)
FNF:1
FNH:1
FNDA:4,(anonymous_0)
DA:1,4
DA:2,4
DA:4,4
DA:21,4
DA:23,4
DA:24,4
DA:27,4
LF:7
LH:7
BRF:0
BRH:0
end_of_record
TN:
SF:controllers\authController.js
FN:4,(anonymous_0)
FN:21,(anonymous_1)
FNF:2
FNH:2
FNDA:7,(anonymous_0)
FNDA:5,(anonymous_1)
DA:1,4
DA:2,4
DA:4,4
DA:5,7
DA:6,7
DA:13,7
DA:14,7
DA:15,6
DA:17,1
DA:21,4
DA:22,5
DA:23,5
DA:28,5
DA:29,5
DA:30,4
DA:32,1
DA:36,4
LF:17
LH:17
BRF:0
BRH:0
end_of_record
TN:
SF:controllers\responseController.js
FN:5,(anonymous_0)
FNF:1
FNH:1
FNDA:3,(anonymous_0)
DA:1,4
DA:2,4
DA:3,4
DA:5,4
DA:6,3
DA:12,3
DA:13,3
DA:15,1
DA:20,2
DA:22,2
DA:23,2
DA:24,2
DA:25,2
DA:26,1
DA:29,1
DA:35,1
DA:36,1
DA:38,0
DA:42,4
LF:19
LH:18
BRDA:24,0,0,0
BRDA:24,0,1,2
BRDA:25,1,0,1
BRDA:25,1,1,1
BRDA:25,2,0,2
BRDA:25,2,1,2
BRF:6
BRH:5
end_of_record
TN:
SF:controllers\searchController.js
FN:5,(anonymous_0)
FNF:1
FNH:1
FNDA:2,(anonymous_0)
DA:1,4
DA:2,4
DA:3,4
DA:5,4
DA:6,2
DA:11,2
DA:12,2
DA:14,1
DA:19,1
DA:20,1
DA:21,1
DA:22,1
DA:24,0
DA:28,4
LF:14
LH:13
BRF:0
BRH:0
end_of_record
TN:
SF:controllers\surveyController.js
FN:7,(anonymous_0)
FN:34,(anonymous_1)
FN:56,(anonymous_2)
FNF:3
FNH:3
FNDA:1,(anonymous_0)
FNDA:1,(anonymous_1)
FNDA:1,(anonymous_2)
DA:1,4
DA:2,4
DA:3,4
DA:4,4
DA:7,4
DA:8,1
DA:9,1
DA:19,1
DA:21,1
DA:26,1
DA:27,1
DA:29,0
DA:34,4
DA:35,1
DA:36,1
DA:37,1
DA:38,1
DA:39,0
DA:42,1
DA:43,0
DA:46,1
DA:47,1
DA:49,1
DA:51,0
DA:56,4
DA:57,1
DA:58,1
DA:59,1
DA:60,1
DA:61,0
DA:64,1
DA:65,0
DA:68,1
DA:69,1
DA:71,1
DA:72,1
DA:74,1
DA:76,0
DA:80,4
LF:39
LH:32
BRDA:38,0,0,0
BRDA:38,0,1,1
BRDA:42,1,0,0
BRDA:42,1,1,1
BRDA:60,2,0,0
BRDA:60,2,1,1
BRDA:64,3,0,0
BRDA:64,3,1,1
BRF:8
BRH:4
end_of_record
TN:
SF:middlewares\authMiddleware.js
FN:3,(anonymous_0)
FNF:1
FNH:1
FNDA:8,(anonymous_0)
DA:1,4
DA:3,4
DA:4,8
DA:5,8
DA:6,0
DA:9,8
DA:10,8
DA:11,8
DA:12,8
DA:14,0
DA:18,4
LF:11
LH:9
BRDA:5,0,0,0
BRDA:5,0,1,8
BRDA:5,1,0,8
BRDA:5,1,1,8
BRF:4
BRH:3
end_of_record
TN:
SF:models\Response.js
FNF:0
FNH:0
DA:1,4
DA:3,4
DA:9,4
LF:3
LH:3
BRF:0
BRH:0
end_of_record
TN:
SF:models\Survey.js
FNF:0
FNH:0
DA:1,4
DA:3,4
DA:16,4
LF:3
LH:3
BRF:0
BRH:0
end_of_record
TN:
SF:models\User.js
FNF:0
FNH:0
DA:1,4
DA:3,4
DA:9,4
LF:3
LH:3
BRF:0
BRH:0
end_of_record
TN:
SF:routes\authRoutes.js
FNF:0
FNH:0
DA:68,4
DA:69,4
DA:70,4
DA:74,4
DA:75,4
DA:77,4
LF:6
LH:6
BRF:0
BRH:0
end_of_record
TN:
SF:routes\responseRoutes.js
FNF:0
FNH:0
DA:1,4
DA:2,4
DA:3,4
DA:4,4
DA:6,4
DA:8,4
LF:6
LH:6
BRF:0
BRH:0
end_of_record
TN:
SF:routes\searchRoutes.js
FNF:0
FNH:0
DA:37,4
DA:38,4
DA:39,4
DA:40,4
DA:42,4
DA:44,4
LF:6
LH:6
BRF:0
BRH:0
end_of_record
TN:
SF:routes\surveyRoutes.js
FNF:0
FNH:0
DA:104,4
DA:105,4
DA:107,4
DA:108,4
DA:111,4
DA:114,4
DA:117,4
DA:119,4
LF:8
LH:8
BRF:0
BRH:0
end_of_record
TN:
SF:services\authService.js
FN:5,(anonymous_0)
FN:19,(anonymous_1)
FNF:2
FNH:2
FNDA:7,(anonymous_0)
FNDA:5,(anonymous_1)
DA:1,4
DA:2,4
DA:3,4
DA:5,4
DA:6,7
DA:7,1
DA:8,1
DA:9,1
DA:12,6
DA:13,6
DA:14,6
DA:16,6
DA:19,4
DA:20,5
DA:21,5
DA:22,1
DA:23,1
DA:24,1
DA:27,4
DA:28,4
DA:31,4
LF:21
LH:21
BRDA:6,0,0,1
BRDA:6,0,1,6
BRDA:21,1,0,1
BRDA:21,1,1,4
BRDA:21,2,0,5
BRDA:21,2,1,5
BRF:6
BRH:6
end_of_record
TN:
SF:services\llmService.js
FN:9,(anonymous_0)
FN:11,(anonymous_1)
FN:12,(anonymous_2)
FN:20,(anonymous_3)
FN:21,(anonymous_4)
FN:23,(anonymous_5)
FN:30,(anonymous_6)
FN:33,(anonymous_7)
FN:38,(anonymous_8)
FNF:9
FNH:9
FNDA:1,(anonymous_0)
FNDA:2,(anonymous_1)
FNDA:1,(anonymous_2)
FNDA:1,(anonymous_3)
FNDA:4,(anonymous_4)
FNDA:3,(anonymous_5)
FNDA:1,(anonymous_6)
FNDA:2,(anonymous_7)
FNDA:1,(anonymous_8)
DA:1,3
DA:2,3
DA:4,3
DA:5,3
DA:6,3
DA:9,3
DA:10,1
DA:11,2
DA:12,1
DA:20,3
DA:21,4
DA:22,1
DA:23,3
DA:26,1
DA:30,3
DA:31,1
DA:32,1
DA:34,2
DA:38,1
DA:44,3
LF:20
LH:20
BRDA:34,0,0,2
BRDA:34,0,1,1
BRDA:34,0,2,1
BRF:3
BRH:3
end_of_record
TN:
SF:utils\logger.js
FN:7,(anonymous_0)
FNF:1
FNH:1
FNDA:2,(anonymous_0)
DA:1,4
DA:3,4
DA:8,2
DA:16,4
LF:4
LH:4
BRF:0
BRH:0
end_of_record
